818
1549 11
52239 47431 78457 39536 92602 36648 5245 52007 61854 98461 25013
3216 11
81216 74598 74588 70762 20333 21563 14944 79179 9436 72361 66583
53 11
19871 45897 2478 60488 1061 70968 67042 56156 61098 42293 27198
2297 17
32352 98491 19238 67018 61759 74118 54343 20451 72402 48161 5511 6718 42504 70960 26037 34902 44219
8149 10
16863 79950 87508 71560 59349 39297 11281 46288 42728 88199
9566 10
52477 57624 65721 48216 76358 44518 60741 85657 3302 41865
1760 10
5901 39132 49620 14830 22422 40929 58487 82880 46805 28953
8696 20
35619 45104 44776 86267 17085 89554 3876 87902 38304 24855 77630 82092 78115 2284 82577 94634 66416 42488 5076 65791
7305 11
23444 89141 17735 27769 569 31000 71052 41276 95997 16103 80227
122 10
89613 22078 37843 98090 47800 78834 12344 70053 13385 55902
6754 12
48874 16462 73946 69574 57188 6136 64971 54195 47046 9716 60674 38055
111 14
70445 1692 38153 55457 20320 15253 61427 1559 40466 79430 45472 8792 78382 97759
2359 15
9508 55889 14067 60259 78319 30503 98686 63497 83803 19053 20678 28632 12451 52615 85810
1864 14
30623 34568 78112 35086 80808 46864 18625 94551 54703 96511 52248 22717 43957 33943
7989 15
22925 80808 6800 31099 46874 12877 34694 46347 25304 39418 86559 92114 95793 33147 4181
5134 15
91032 93992 97031 41345 78271 77120 73307 68890 41570 6727 98153 79664 97582 10421 62796
2610 20
1382 65479 61304 49113 77032 39325 48043 89240 66708 4174 7820 74761 25060 53356 30494 52297 11071 10458 48745 71113
2006 13
94498 96323 16873 36998 3964 20664 88446 79411 27157 42790 96719 75657 42447
8384 20
29310 76168 27699 71023 79781 90223 84313 24067 67329 15212 84933 67804 45614 54344 4986 37923 69826 34713 81966 89482
4193 12
82470 16068 8596 51587 29869 52011 58278 97482 99564 34675 49397 24403
9829 19
56041 83501 86822 88487 64120 77453 20136 75869 3990 47730 21391 97558 32779 67231 1070 11205 47315 51779 70861
2863 10
58684 99870 11046 70638 855 51663 30562 95997 19056 72313
9092 14
27133 70866 56179 39395 52279 14736 59636 33002 43902 83350 4727 61446 50047 14305
1559 13
48838 83093 90715 51878 52328 13735 44809 57844 91615 49428 21448 94008 32310
8738 17
34438 20614 68221 1081 46844 42857 89237 2052 92795 33701 88550 485 69069 47390 10840 36519 41936
8758 17
13373 66675 45583 57507 17985 77120 18403 74958 51760 95727 5445 88026 60299 49244 24925 68057 36492
8283 17
21288 75797 34666 69572 52552 81890 94482 96375 29584 93762 84177 91275 77395 778 93624 75951 13885
8530 20
11503 81373 87719 5892 26138 53582 59089 88957 32631 2304 20859 16064 42760 19448 98024 99723 22968 96213 27044 82458
8691 20
48126 46058 1012 33992 55052 80049 35565 87419 18437 15480 78477 20152 50247 78715 55714 29434 85175 15371 11153 59290
2882 12
16292 6626 34082 78934 24478 34255 48828 54090 7897 83698 130 65860
479 13
65438 31568 15780 13011 90023 95650 70053 77731 9176 95716 4191 98692 15992
6897 19
56907 95402 83304 28038 71074 14860 10856 3932 87937 54263 6564 43423 14925 48793 75602 16476 73295 54084 37550
115 10
76397 58775 15264 96238 44635 99249 50746 55235 5443 60419
627 20
74570 6016 49106 41993 94802 39432 20137 76493 13907 46427 61874 92874 60226 60962 18989 17668 47618 75802 52170 38799
7791 18
23942 27113 54133 35109 83007 41427 75810 87331 49959 81321 87958 48237 26638 84014 32187 91641 81874 93181
5804 17
94485 99751 90819 51893 91571 4467 68128 41712 8105 22763 48473 62136 8102 62289 5917 30618 34521
3546 10
83879 46983 76616 55898 55536 92353 84271 46114 29226 46370
2143 12
15678 17145 18889 34395 67372 79592 87144 21511 28330 86761 98833 21501
4330 11
96715 71274 72368 96206 60050 2290 80442 97836 87042 6287 52496
7368 10
56298 83691 14375 91433 40763 15296 10925 11093 18208 67270
6644 20
89990 62465 5281 47332 52990 87633 79918 60249 35676 34217 91504 2164 10816 32722 59710 43182 39066 67532 73905 34688
1296 11
80466 19174 88340 88752 28937 9005 26826 95303 84642 45191 95991
8728 19
71936 35203 33260 69082 65433 50050 87702 32405 56671 10134 74374 73194 74978 35881 72584 47730 18116 81479 15654
9918 10
63551 71772 47523 14457 27484 83949 61821 79933 49584 31825
1351 11
89302 21165 47154 31055 36187 28930 19843 91501 59813 2942 36129
7021 16
8126 69638 66024 19902 71524 34954 71094 39880 15673 84776 65056 14586 93967 58903 78444 86633
6202 14
35878 47571 3489 73534 70036 69527 37978 87037 92835 18657 81666 32439 26051 88430
5771 19
86501 33122 1209 28069 24242 99914 72219 64988 59863 66534 3612 93974 75809 79899 54432 93188 49265 33987 61655
5348 19
2519 22038 30289 37958 21795 43951 27669 16521 30371 60666 44592 63951 6144 42335 75228 92159 70428 9820 44219
5020 12
72364 56306 61717 28296 24078 84053 23908 97385 71679 34753 70976 11335
399 12
5704 5660 36203 59660 55849 58319 86560 72616 44405 92949 16700 83483
6063 20
54575 67622 67848 78200 9552 95598 41516 96428 79788 1266 85987 48962 51504 36058 66962 28199 5828 91877 9218 50947
3612 10
12164 75570 74097 94125 16598 22854 26970 15834 60652 25134
1448 14
89811 53233 91418 45379 95566 14370 97191 46160 88725 92889 88507 45990 61385 52876
1653 18
37098 38343 94606 23427 57035 29400 96842 94978 91818 93600 28095 28629 53375 28621 32573 13447 98634 85842
2415 15
17257 74055 95638 94287 27490 83554 4557 80257 17962 42484 53402 36089 45738 86608 46548
5339 19
74857 8649 63380 97317 93773 61805 72427 57668 56296 82022 11166 58639 40789 57166 68007 42866 21895 58878 12125
3124 14
99244 31431 99456 1683 57835 79809 42065 11593 4303 89360 88888 45851 24803 7441
6871 20
40071 599 47629 87851 67662 31515 12282 59306 42836 75548 36149 80127 74615 74736 16615 59246 66013 21581 39044 13601
5002 12
23352 31469 26815 79017 56284 4951 79583 10707 62072 18834 62394 74901
794 10
74291 19230 26937 19564 94453 81411 19740 14396 9991 64596
6313 12
93797 31659 43265 78987 82829 28797 67578 11942 40845 71033 55835 87162
1427 11
16915 98986 40047 8827 56741 82504 7576 36020 86916 75006 87619
8981 10
73258 36381 15079 52999 53912 87611 11981 89217 68881 92873
917 10
97211 85545 29121 38274 99771 3449 59516 44084 33126 60729
3679 17
43919 30290 53944 77953 73279 33897 32628 49586 15648 91484 54193 20209 39446 8895 23169 73820 64846
752 17
30917 12133 28446 16350 55619 93744 18064 61302 70551 31700 72792 39254 94303 81483 26416 43031 91548
416 17
27052 96196 71411 80870 58698 61397 57140 78548 10280 82929 19674 84065 97542 348 1508 34561 85782
8795 18
47816 36151 89427 30617 31898 51607 7588 75616 72714 7515 35653 81608 33606 24629 34827 20115 11887 19282
8109 13
66840 10811 75268 5407 34450 42969 31540 23360 52328 42782 59017 36052 52339
6772 13
95671 19919 86445 24112 75938 62509 23500 45113 88834 90050 95512 46842 68161
7984 19
44930 27980 6981 57104 7690 38861 57279 91557 40900 55615 78896 88120 97991 96995 83098 98660 59248 60574 56008
1283 18
78912 89194 18163 45905 65797 29280 99157 21454 30634 38825 18667 43971 61184 34956 96458 87663 50561 9751
6997 16
89931 98688 78792 5905 19589 40161 29304 15745 17992 87668 28159 789 87233 72751 15852 66150
6229 10
76302 75827 28422 81657 24198 14751 61540 8106 10817 17584
9855 20
60258 74200 83257 45533 55738 34698 84226 89198 14014 94033 64392 21342 79077 31629 2999 56073 18568 51479 24583 69233
8260 13
8391 43255 81941 63560 47005 35133 92119 2337 83122 75316 3518 59725 87805
5263 17
73291 34601 15260 64389 38744 35600 83457 36344 21385 805 41725 37405 63602 32725 78398 27573 90365
906 12
60103 28069 51287 44052 11604 24241 36627 87150 2770 75208 73612 46263
4439 18
6785 40174 54368 72389 91600 10386 75771 75100 20796 39744 13903 11204 24579 65954 42593 99588 30114 9881
1195 13
9331 14934 67451 34 58034 12925 16525 81708 60713 65784 61163 99673 79555
3091 15
5660 24479 90370 33403 33875 78266 8607 29249 64373 30466 11278 50612 37800 86977 57247
5023 19
71227 57179 42712 75447 32205 66078 8667 54788 85676 13803 72850 31201 82184 73933 50887 5825 90649 87136 44869
9486 17
77993 25214 29781 88324 29916 88042 144 96171 85828 42294 1142 3667 13021 47863 25217 50136 81616
3548 11
40089 7620 43615 85798 98495 18494 15037 49240 69461 72581 62046
2786 14
37310 15562 29626 88803 99560 10714 7537 53376 38790 72419 55427 25368 27246 34993
1659 14
6279 53843 75181 66551 60276 19804 50300 56181 17025 42808 55938 76475 35568 43695
7358 20
8226 6016 41726 81897 46729 65508 65619 36550 63957 45114 59605 34271 81543 47834 46203 30585 67570 34122 51487 88944
4138 19
7028 92204 45568 17444 74424 68663 55497 97831 57207 16048 41421 45495 34073 96595 37046 67693 59332 57000 6958
9218 11
71906 23172 41448 8590 70639 27311 24201 68963 35538 89612 50339
6953 16
4460 44169 71259 13413 40597 2391 45821 6931 54548 67642 46259 29728 66523 84887 52169 46501
462 16
11995 88288 65678 36094 36722 92412 96865 12322 82077 31505 72407 29109 84319 76817 73681 45164
661 20
48941 87312 32402 83190 46618 77606 50977 25973 15297 26557 49350 31489 55860 41272 44823 15973 86001 9112 5110 66405
9100 16
40503 79050 41747 67500 72373 1905 11852 59863 53450 58793 26345 14179 24333 48829 6610 28665
7175 12
66907 75263 28784 39305 23413 28230 17709 96386 68888 4082 14897 55577
1349 19
28366 22375 94002 45850 11511 19353 74174 82237 75381 17539 56202 42110 32056 50069 8164 86640 63894 44508 75694
6386 10
11094 19711 2109 49757 67054 59511 71764 17594 22813 9874
8050 17
68239 93694 18693 42059 37194 39647 50751 70363 63540 12728 813 24179 36105 88971 63265 3975 78373
4112 17
572 27645 65305 35584 7423 49884 67144 30218 88453 95395 72854 20577 8516 8967 68058 46917 13957
5810 13
78145 7993 28584 21603 78493 86804 63360 61998 92677 51085 74309 74884 81225
8505 19
51950 91543 75626 82264 70781 63958 99498 40259 80284 10869 86182 35399 62215 4848 44883 68405 68816 53693 64527
1737 18
11483 75184 75599 7055 24216 38352 41108 1912 35667 75169 18610 63090 10209 39513 96574 74518 28258 7610
6979 19
89839 41474 32591 40294 57859 71799 71246 93347 41412 21211 30325 25493 15498 8991 43631 3425 18600 22906 76206
7555 11
80645 59433 9913 34991 98853 49271 33388 28735 93960 62262 31057
5569 13
64850 34230 84254 59384 3796 62797 42224 9565 17805 83966 1429 54440 49204
4589 18
15019 60847 25544 63137 69690 96842 7474 16290 96657 57543 85547 13094 68905 21652 37167 42443 35659 65364
141 10
61373 37098 52135 42032 33554 84401 11061 1616 27534 21027
6636 15
42641 997 71874 5454 54092 97223 34089 1816 60066 95361 75695 47875 47982 88953 32592
2919 18
66105 2194 92778 54171 36953 45296 26334 37464 81202 22402 832 36354 22673 86866 41339 35907 43217 43173
6338 18
99700 12190 60792 87196 95615 14542 90076 24605 84191 50679 68607 73241 28228 45550 97460 85867 3993 87956
9948 13
4624 24599 90758 23869 74943 15301 10231 7578 78907 83858 60007 44866 55894
2977 13
55942 3911 26975 15505 5806 59016 22277 93384 51874 12353 17198 1255 2309
7494 12
623 10857 41288 10663 79302 90878 36353 70468 51017 76735 4463 85508
1348 17
19371 53262 13098 39422 90465 58518 6111 27379 41574 65834 10838 56091 90943 73329 9142 55706 81953
9460 13
2404 22338 72555 66906 87693 87181 10043 94677 3868 19632 27752 60724 43007
2097 17
71974 13950 4479 36914 56512 59220 12344 99396 58614 95184 70408 55915 30639 19472 72902 35119 84576
2737 19
1780 35484 13839 78710 64827 77444 89450 43703 40330 3905 46156 80130 33748 31512 9560 3325 25708 87118 78758
4924 18
92541 59614 93078 48782 56151 13354 87012 66749 44645 21951 44115 66609 99110 59889 33792 66797 71417 6532
350 12
63551 16689 4757 28363 2565 10810 43238 77936 8204 39345 55647 34408
6760 18
58782 18940 39307 55649 84077 77028 92406 62767 98616 10514 85057 950 1126 76560 44692 65570 55458 52244
3993 15
47019 56292 58199 92861 21837 89549 63237 57768 4313 22861 80554 60365 50285 90129 43520
9061 10
97758 6623 14719 47228 34454 40717 6237 97493 42091 36314
7956 16
23650 83790 34990 86621 25103 2365 19498 11082 59305 43098 99270 76310 39793 8361 89710 91358
5912 16
58401 15943 77245 7871 88435 63121 99381 14229 56772 17694 36075 35156 13665 55233 96622 4145
5853 17
45690 74745 69503 15189 86337 95766 35992 74376 46472 40237 98161 7334 52055 26098 78738 71022 51319
9316 16
5807 70147 99852 47309 82906 37623 47249 75727 83085 33100 43322 78016 42636 19434 85069 23358
2394 19
47576 34607 94214 40639 96142 36757 83514 1998 63799 25967 43263 95029 73569 6758 20575 12871 36193 9796 29201
4637 19
63609 28299 26142 46712 95262 16353 59528 50684 78679 72198 48895 36055 96659 67409 54237 89342 58115 89102 20123
526 14
87714 67485 29292 2504 33586 16110 98157 9200 69570 54307 62761 16735 33981 1491
6054 10
4824 58795 69265 4114 19734 63110 15284 56202 52082 61539
7010 13
3374 50049 76342 73618 32844 36326 84419 76992 6527 88013 33506 7866 9494
7285 13
40018 63576 89313 11089 26738 73564 5389 74374 69891 83724 81492 65547 24772
2504 16
449 22770 34013 53082 33155 70525 86931 83227 56410 7223 95592 370 67989 48916 58878 24035
8518 12
85977 38231 56852 92374 97852 41806 36836 11461 22438 97315 1534 48724
7445 10
54006 15917 34472 19351 80365 80625 85554 84320 15716 33977
5510 14
66083 80974 15448 35068 45455 23029 61620 49426 63147 67104 69642 78494 77436 64469
3907 11
14146 45631 92245 99279 42943 25060 34950 58981 27219 33825 39237
1970 11
30317 80411 49785 13325 60718 92429 35806 71777 60864 22341 17137
5851 20
8445 79965 3982 23556 21720 87530 56563 30381 12513 17291 95728 45502 85653 3163 21555 35601 99002 21719 50129 16980
2510 13
36151 20151 88952 51299 410 90510 94567 68356 58544 39652 58393 19813 70989
8314 12
56962 8642 63791 26183 3608 2974 49592 15104 41770 68776 41045 13404
1356 20
83283 52190 15920 73445 49706 77787 89796 40507 56979 61543 74453 1718 98328 70779 66975 63860 57786 7850 74656 13975
156 11
13469 15885 65197 1251 54977 73296 20438 46885 42859 47307 36043
6253 19
51545 43682 10342 66108 98355 77863 34810 71436 81202 51490 43797 83025 25956 9713 56995 98882 51496 1822 96307
561 17
96955 95256 53763 74585 62468 97761 8806 97800 8987 99897 85188 81332 72772 51002 51720 25871 58923
322 14
37233 86071 41345 22915 26229 52127 65870 72500 6746 11553 24630 98762 96607 47789
7308 16
10896 21713 75913 48460 67249 11678 56598 78871 24598 24479 38808 97823 29482 31752 54440 40867
6493 10
18975 82563 75107 88148 56683 17080 80393 92547 95151 24233
4194 13
40861 16943 13128 73906 53815 56177 77193 66263 54420 21300 23520 7184 19288
2848 14
31963 69102 58578 43702 98293 94845 33192 77165 28308 28054 65442 74347 83820 50366
4614 13
4248 59414 38614 92694 6797 80231 11040 96201 44479 89416 90052 32798 76366
8056 13
31110 63827 35890 3561 75487 45770 24457 19817 87430 34361 17128 96476 28167
8178 10
9401 81080 40436 45833 4923 53621 40020 50605 50677 96730
7038 17
61179 99644 64379 87874 80352 22970 95361 34793 74706 3068 11272 45102 70019 1508 43484 16268 19777
2901 19
21422 6452 19814 20707 25691 32616 55482 94766 67673 12040 88634 58807 13741 34002 32970 85111 16397 71126 55760
6915 11
65488 39955 36036 74797 94434 5398 42644 29988 85197 71522 85422
2738 10
60345 90672 99070 51020 79375 85669 11467 29926 80013 87867
7407 17
71967 84012 19051 99915 65910 88573 17054 56070 58136 75113 18397 5091 72956 90246 64217 46170 41471
7025 11
10805 52644 5509 19809 18708 19506 81812 76817 98482 33186 52788
6115 19
63877 83165 74708 46716 63246 1292 68866 8724 77082 28690 31377 25374 87223 30659 20120 15175 37543 61183 7852
4496 12
65932 51627 92646 61278 53580 54582 15628 93963 95947 86869 2210 94856
2044 20
29958 39554 69029 71861 27066 89068 25945 63471 64546 92294 79761 7230 69976 59429 90947 34336 2766 73699 63723 84863
1476 17
47921 36162 67602 57158 72019 80283 96318 81097 86219 75901 67690 71712 97603 1961 97715 19419 62389
1668 19
80410 44718 9362 36335 24030 55783 58743 88494 67446 45921 46296 40392 71723 97548 21420 77215 17657 54122 77181
3720 17
70147 39381 46806 19264 60814 32015 63846 94835 35343 11291 84943 31747 47043 85826 48745 73304 41114
1984 10
41551 29613 12902 95766 33464 33105 92038 32744 60456 80178
8648 18
33752 82906 10856 80463 5890 5663 61228 70053 31855 85459 81295 22446 92903 41666 55376 40446 25704 15391
2541 18
23352 96147 57554 79040 25662 73929 12444 32094 41831 12038 54239 98796 43459 29965 19302 59039 14967 5197
4717 19
56201 65413 2654 29078 36568 51880 3319 86264 67252 68665 43891 61195 61563 81351 28190 26828 49956 12998 79767
693 16
30884 79029 18233 77061 24973 66704 34392 35676 66038 32671 38587 84908 98204 39490 52967 70660
4284 18
20698 72299 37144 79590 23103 39219 74488 33387 94524 79501 99442 4492 84059 55489 91306 76024 95026 40266
4386 20
55589 76411 81146 63486 27770 25605 55159 51559 8144 74910 53983 20278 58984 1441 41768 41057 51286 70149 2757 50686
2017 17
20243 5622 94563 97604 74179 75426 76967 3036 29367 17264 23740 62087 67785 57327 59125 8443 14595
9960 12
54985 19578 87648 72481 90539 10159 62212 81485 72726 6102 51956 64334
4154 13
2105 3619 50924 26091 32941 51548 816 66068 1117 59035 63752 35994 89968
2075 19
24782 49072 84055 68423 92693 1448 18433 18122 39879 70852 86288 50393 41424 87118 99139 69430 39111 4859 38228
6916 12
11809 72127 99970 50484 73880 52775 69602 41285 30454 70456 28824 1234
4506 14
46480 38358 68459 32001 63107 98349 69560 48250 39993 93152 7121 5368 88297 9268
5857 16
6504 40680 22716 72811 85184 94779 99699 7444 67607 86694 44471 65193 25390 58643 76320 32808
3483 19
90279 42098 11010 87119 51336 82304 72828 94901 909 87024 94004 37523 30642 18848 91934 88637 38455 69536 1098
5388 10
2510 31625 29262 22454 56049 48235 16596 47577 68884 6239
3586 13
57227 71835 69041 69328 44102 40780 7837 5869 43105 15365 86665 74127 66498
3991 19
13418 76039 74394 60091 84748 965 19820 53412 20429 90156 47613 18276 14943 89303 14661 49440 63001 46311 59533
5805 13
750 60441 10948 44922 26733 42579 11382 89107 38167 17515 42416 17082 70432
69 13
61389 68154 51531 84681 86023 24952 65739 92147 5808 11810 61912 52387 35067
1996 12
30382 63868 73587 26562 15683 24317 69113 33775 67027 34632 40074 83088
4618 17
5242 12430 78103 62124 78319 44069 49356 18713 73190 39285 56330 63734 86718 97876 74901 99623 95468
5532 16
77124 9624 58431 75618 36759 45150 76154 64219 20449 84803 81458 4594 70554 56444 8841 99553
5789 17
54566 87405 50132 13429 62416 347 78124 30447 69491 15119 16737 31614 89758 61402 34964 5401 97026
7839 19
53652 80364 56161 24635 33866 99122 60653 74508 26812 94038 16484 25222 33645 66130 4628 13704 25682 99997 67734
5390 20
1629 26973 91957 41659 46059 96555 76674 98409 37734 9937 80485 5053 65140 61675 83944 32506 75021 41223 6763 41258
9108 14
67184 69876 97664 3767 2947 44442 42463 87785 10878 5784 14044 85237 45545 21047
2339 18
95783 84827 69216 65811 86162 55998 93801 48621 82212 88562 13989 73062 5851 98479 16402 31604 63521 676
9096 12
22767 38478 95825 41134 37455 83646 37806 56082 30748 85824 91376 35543
9985 19
5474 86708 18118 352 81477 35989 4521 95315 81469 46976 43277 39791 57997 13262 94829 27065 44342 31641 71651
3568 16
57089 38570 66803 1417 31134 3120 9324 34112 37582 5430 88971 38169 20511 15600 40438 99956
5555 16
43114 41617 26780 15588 5128 48511 40617 72557 77368 44824 52666 43089 53231 21604 3773 88406
7293 15
12574 14667 70986 49312 39981 51647 3704 36429 49885 78972 14763 57054 73884 13465 44087
9203 12
24592 81842 27088 71731 83264 8470 38458 6905 8113 67814 91060 87616
7096 13
14081 74848 51471 3912 7263 56709 98137 59961 70558 21657 37822 74167 11788
3550 14
36462 62814 67059 38174 48062 59389 60417 30761 44797 74796 25997 9428 61815 77749
9616 11
86840 1692 17570 99815 1364 75156 7556 16417 41559 78190 26504
5357 16
30926 28226 86311 61566 49688 23666 61616 69433 2897 29070 41159 14299 88026 41964 15395 86499
4556 18
32157 40510 57800 36222 87866 37414 43049 15115 45034 972 64985 74165 54089 33926 76785 91644 64604 56560
8098 12
20487 52912 86941 35499 83543 6241 32178 78523 48510 45918 7982 98316
5635 19
71504 43377 86870 58156 54205 94606 61221 25642 60210 72732 32143 57236 21248 13394 85062 37473 76916 50090 23086
3726 14
25619 60925 84645 55052 4363 64035 32226 36631 28561 19778 28990 85115 64529 98339
2440 12
36019 32503 17250 95621 29022 52280 48961 273 51054 38466 44569 95859
9761 12
91084 54689 97918 87866 97684 74259 34675 28058 91986 61586 3750 55044
2250 15
38008 10297 87671 68845 14779 46943 19243 87037 52198 54812 3417 3737 95542 84817 70257
7995 17
76518 7514 78404 25285 77993 19974 95027 30852 72285 28990 47295 5768 64041 55364 74621 38128 96627
9564 17
78145 39193 32607 38194 65091 4400 3879 47827 70424 56167 77329 94564 87438 92259 89514 36491 69604
7143 13
45165 61091 34953 71568 81037 20580 33208 90787 82181 55892 4712 46194 35678
490 12
88188 10519 60348 30696 39605 5411 97000 44257 737 53040 24207 104
9095 14
75822 3621 72812 18313 37934 86290 12473 93109 49484 14246 17192 86613 92928 20395
7575 16
67566 43509 79454 43121 81317 53525 60496 80057 14517 96630 31529 11851 99998 56723 57733 66420
2881 11
13893 25536 80716 96993 5967 17468 76033 43130 90360 92110 20498
1307 18
46815 23465 40496 72959 33850 60016 52535 1529 77218 75297 48817 37105 24787 54991 76167 82495 30185 86902
4535 18
77091 28322 69520 66425 25667 36600 7516 58582 4879 96236 81877 60973 23752 57008 17603 59703 30949 28816
8677 19
59762 61954 69066 98603 36527 63444 84362 95939 27075 87787 86212 5765 75934 11813 57476 65537 70719 55736 54100
787 16
93804 28454 97031 28770 56648 68117 26830 58404 22951 18196 14260 39007 87547 65673 28862 44816
2252 20
94128 20491 17897 48674 68416 43402 5275 98399 61904 98116 45813 45591 37181 66032 14864 12246 28909 54837 75086 6297
7611 11
53390 47914 18521 77532 38709 31248 30601 72767 71784 11570 56217
4251 12
46481 95377 16994 80130 15036 61616 80598 7613 49793 41937 60970 93029
1024 11
32114 24268 22368 4972 52032 38759 61721 82442 58408 68426 20277
6109 10
19931 1178 71786 93430 25854 12003 61318 39924 89884 30948
9573 11
44169 73438 79675 59834 45212 2480 23543 45598 69101 4039 50136
5397 17
53613 46379 25888 53554 78555 3816 98963 53189 54150 71639 27789 5699 77282 94475 90129 15078 73351
458 17
48823 30142 15900 31129 56783 97306 52949 43977 28797 80536 16259 11323 50016 28423 128 45076 62355
3318 13
76786 43084 69979 1598 61006 58059 15194 32281 86023 94732 45513 22250 80271
6779 18
96152 42236 97360 81514 80698 32041 23458 26920 17379 64219 28854 55496 41851 47812 2282 47364 64426 24773
3868 16
88866 35657 15235 78867 15483 8246 20585 93556 71860 77797 48204 36551 14853 79373 45565 38492
9081 15
8893 82682 3001 1161 31591 86117 34619 93266 71966 55774 27930 51304 56624 36605 37630
6900 15
70957 61143 95188 26881 90465 40778 31425 33507 30226 17678 49873 65779 9796 56122 84837
8893 12
17105 66601 1543 83218 53488 38000 90842 41848 49793 40824 94973 3751
1989 13
61260 79182 39893 85142 89037 24761 80644 60870 97175 51836 64154 53033 70849
4631 19
80045 80217 9577 43970 49982 98260 49649 66446 52408 56132 15196 40434 85608 80023 74390 6866 489 12505 63708
1397 19
17529 14265 45733 65433 50055 56640 83582 1422 62582 13136 29597 11232 73566 80506 18788 92248 95221 66665 36689
6966 13
5047 31074 7993 38473 39549 94353 15390 19073 60597 16670 60828 910 90600
9103 10
40936 63709 94900 98080 49435 46179 51298 38012 12231 59467
6957 15
41944 72670 69907 32686 23121 89883 94880 8280 35443 29776 97950 4446 93239 16211 51669
2137 20
70379 37854 56949 23621 64790 4572 14704 44632 36726 75376 26245 46404 93795 56775 24477 75016 88626 23019 70737 16397
3919 11
90734 1184 21917 40245 66590 94347 4461 89941 15819 56056 69802
7875 10
1899 27527 66772 94447 42940 9257 19248 31130 57116 27280
8644 15
35464 89846 73627 76680 22724 51062 68386 89898 23452 34877 87213 26767 53074 34444 30861
7438 20
92491 76815 43162 1137 35463 42865 51686 50938 85581 86426 68645 50115 74677 29776 82920 7093 59314 89848 39760 60101
9294 20
42080 72711 16973 96726 23597 68640 97076 42870 89243 7009 57516 37909 747 37479 48181 54341 59429 87581 33522 57295
1679 15
51344 28976 19995 68538 25432 90049 91367 6282 57066 96725 77193 44342 89694 72933 20174
1425 11
68541 41816 74273 90989 24556 55771 82434 44715 74693 71125 61665
3525 19
60690 22992 53202 39839 33222 88124 26248 28338 90138 4701 9648 72796 5122 89782 54655 97816 80204 11729 99793
7801 14
92511 74929 34242 64579 8998 53143 52343 42360 9805 66911 64401 67131 5417 46320
9548 12
5328 33079 12593 79741 42365 49282 76966 2920 87321 90100 50610 65341
7259 16
28997 72463 70983 5724 14752 76191 32807 65832 25195 44513 28395 76989 40686 14943 40291 28376
3698 11
91786 32312 3504 64709 18098 68347 32386 8503 82055 29770 24081
7470 11
84931 30834 25892 47689 89688 60595 58776 24953 99819 97382 14340
6485 16
76283 21521 11795 11652 97158 49367 26082 99457 32274 85135 67793 86061 81129 95339 11608 67371
7007 17
98729 80330 65628 37396 81941 97215 51572 11291 28196 48876 60591 4710 1617 52012 42443 13798 45220
7974 13
59320 26314 27448 26355 45484 36882 71379 76647 20571 74034 46166 46572 88310
8300 12
33813 54196 41532 62377 92704 73038 31408 60051 10836 51039 15770 9754
2651 17
87520 40436 7277 69343 6709 84919 33345 15485 51735 90615 34930 303 66504 87639 35995 98402 89695
3553 10
50288 34662 85269 64438 77845 10148 5665 17902 18201 56077
9751 19
30671 83119 97787 77396 94983 86798 88494 40731 68269 36902 6374 78043 81153 15698 12414 92385 68977 67431 16176
180 20
22770 56086 52970 71005 98128 862 79716 3243 20863 72660 75870 84541 97815 53633 57753 65750 31588 87213 35394 54866
5966 16
49097 54755 19845 83074 13419 31161 68638 84774 24337 44632 37855 87237 52220 27856 71086 32717
7294 17
9222 87816 64804 14773 92094 74403 83381 24763 83796 14520 10973 23108 1412 79261 12787 55349 21556
2497 15
65230 17597 10644 80191 81091 90565 30941 41298 89009 2357 95546 66535 33888 86828 11387
6212 13
62838 10024 84445 15924 35388 35386 29498 14766 52625 28692 96981 11374 5696
7166 14
43444 35811 20255 99387 98138 86148 74754 49505 99442 34912 60913 59221 58833 60261
3413 11
11789 23259 7166 56065 46956 14911 82597 80404 70750 44479 93981
8222 14
40631 74797 56920 89187 98195 45179 96763 82830 4986 80975 52797 63316 5394 32921
5604 20
88745 9206 98615 83808 9978 26363 26512 42354 3229 21085 83291 89538 19539 63689 63423 74267 60539 98019 95456 75707
1948 16
51547 21221 44912 85158 44627 90682 62011 21302 39560 47299 87494 27621 80843 99273 14595 55184
3267 18
31347 19951 74437 21116 32154 39327 74502 6432 54747 30344 37906 61801 73566 32751 16456 31974 91120 34595
9291 20
61965 53569 90997 18754 49163 67203 31620 98661 55315 21108 85620 77294 70367 28135 26874 18872 43178 28222 6043 66701
3719 16
98025 81004 47367 34807 37449 80832 26483 7953 41713 74216 89283 90708 38987 23489 97039 94938
520 13
24213 81727 63571 13982 61116 41348 19502 13745 90702 22444 34091 30948 110
2998 19
3616 16572 31009 41318 13822 95424 71448 88364 26160 31381 12141 94677 54540 1070 42006 59790 14986 26729 87616
8177 19
86465 62193 37076 18057 27778 61129 12332 45970 34772 72882 12082 15824 87722 47292 19949 68303 41349 30779 42461
88 20
92257 9925 71517 64710 83567 2478 26920 13921 16584 30039 87879 95943 28074 15842 42841 8235 85299 83687 16004 96717
9239 18
78515 97260 73807 24764 6754 95095 65093 12123 35547 75646 55016 34855 86429 6812 93009 52478 56230 25718
2590 20
59603 58315 54953 97615 34053 43951 70859 83513 78111 45635 29997 37688 5742 48875 24522 45069 66541 90452 42927 81087
5818 19
55359 1281 66216 84011 40475 91785 98400 34960 59170 32589 35342 70993 6644 20394 14283 10087 51908 72617 63941
9110 11
99103 78629 8444 67737 54757 93603 90052 34898 4345 84142 27498
5589 14
28172 30920 93461 16716 18607 63705 41680 8447 59911 7436 59009 68026 32515 99825
8931 20
44975 73422 46470 5681 56908 78860 19568 95780 30542 85129 9389 68618 14462 48430 99045 14270 73278 51296 64479 79669
6792 14
29429 7163 18607 71996 28459 74662 5277 3160 52189 2690 37289 56258 60785 17248
918 13
26806 50606 76152 48558 86026 49856 3345 26656 12247 92080 51025 50540 67123
7148 15
32426 49863 8543 13913 3013 52707 4474 15901 43448 71203 71260 48396 50825 51731 52590
6215 18
17113 4949 29973 23386 11421 16553 94148 52762 4744 24129 2140 14576 56408 67089 94517 45216 49415 96662
3852 16
77060 38591 83839 58777 187 48069 72242 77869 53683 15380 60599 40172 78232 30191 74830 9965
6724 11
61454 66109 54142 63341 95077 92534 15302 90183 85301 55452 63244
9686 18
12234 58585 1739 19857 67539 67202 98885 18898 4984 65300 92969 3052 66874 89718 91702 29417 65441 82545
79 13
5547 40712 75224 20294 15601 95827 81522 68010 9743 3069 34003 17409 92238
694 12
58055 95671 57748 50489 56320 42094 55401 49859 62376 44731 76704 2487
4252 19
73224 19213 86957 72729 62340 26067 73659 92372 73169 87121 48475 58654 6511 28200 41155 56397 69466 51077 34069
1886 14
23337 32430 90527 69917 34381 99025 18501 24943 27423 56011 77196 19375 76267 16148
1682 11
95196 21978 71806 3620 15285 53116 78983 30759 64179 4814 67791
9508 18
24235 75059 85016 85823 14879 67267 98168 34392 11493 97151 76912 40741 5450 97289 7592 92230 12510 78213
657 10
39742 7188 35060 62073 18766 28948 27863 42847 83887 56560
6673 10
73418 34572 76296 23796 50888 30070 65766 51168 42973 54187
2557 13
64183 57927 36464 41614 88848 88147 37269 11910 82808 12946 36888 71911 72443
4065 15
69141 69244 43537 90021 43277 18030 33951 16624 59940 44996 9496 6561 86029 50234 99292
868 19
24532 71352 20414 52243 47902 44131 17941 98580 50525 50252 89428 42156 55200 38056 4267 19436 48775 26508 4022
3729 11
2650 91787 95081 15581 83971 25485 92769 62809 52186 11564 45274
4457 15
89928 29127 89588 48851 72070 90672 43625 29944 10762 39188 52833 87383 13166 72866 74825
5513 17
92024 56844 71501 87634 44137 68500 31381 87175 49374 65210 58261 4574 75099 3443 85906 53280 39013
1403 12
60650 68456 10231 55951 80403 59518 74162 58077 42019 94238 40767 8000
1331 17
69820 69818 38127 59676 12924 25333 72124 53581 3541 86946 72349 81015 31281 36055 41770 59974 82656
1249 10
87288 43004 81969 60004 14370 24923 13016 70255 10207 76800
1504 19
89495 53279 27272 73289 60114 6788 33029 48312 55493 5201 87612 81801 36228 76629 10783 25159 95023 12996 39026
6416 19
92349 45119 10158 52550 57172 15413 5425 10699 20964 99308 16620 31915 66830 95684 56390 81253 47968 90005 74318
1488 13
24347 5672 94462 22695 39288 94939 1762 80258 33891 32887 97224 14619 37975
1044 14
60239 32697 36160 46398 51997 46663 35191 47616 94797 72992 14907 60159 2081 60633
3552 16
43720 31819 89918 68779 4127 85967 42 12167 69434 15879 53591 77022 64890 39157 46670 58989
5065 19
32542 28614 40458 9950 71471 311 6870 20130 3096 69453 75917 99038 63892 77520 71880 28703 62380 89812 99758
8582 14
95124 26310 31680 60342 49047 36499 73331 83989 41460 90971 78272 56004 91550 36362
7442 13
43972 88066 83475 51910 88608 2411 75666 7033 95694 18588 31144 60742 84007
5551 20
2017 82686 16393 42531 49872 40140 25876 2528 46752 53504 96884 2612 12935 42489 29773 99068 69726 35382 61909 30948
6079 17
36151 81771 15659 16853 80276 77000 76709 22024 12844 26665 61223 97034 72673 49 49798 51612 10997
8390 20
70232 32568 42303 48266 60519 49743 87760 1030 90866 56049 52167 83316 17788 27709 65036 18962 9561 93150 90497 44742
8388 16
7524 92996 60592 57484 65980 93028 47698 73436 5630 93683 25618 55489 40309 693 70556 97776
25 13
69060 16523 31263 8959 97951 14449 79583 60620 87786 28562 5898 26816 87370
733 19
74547 79180 92724 39705 55817 92955 86454 49094 67770 13284 65928 10133 76251 80266 83833 95415 66261 27665 5837
5561 18
78902 86943 89336 22333 83556 56036 45745 16694 95691 22956 46088 19769 60024 62957 63862 77839 88233 66602
8404 10
13529 44882 38866 96954 82120 37115 91728 36801 13368 58196
3324 13
56075 98469 49851 27589 65658 16067 6316 77126 63905 63487 80630 23321 29258
6152 14
28053 5991 71306 14160 6747 94538 6315 3713 75597 71362 23049 16806 24180 33034
3617 12
48872 74355 19089 84356 91049 65327 44752 69277 40209 23200 28124 96141
3593 16
28053 47659 34994 54417 63957 67321 86790 43069 4356 93767 97806 43298 25849 98014 63730 56321
7833 20
48921 80729 81100 15040 75439 28263 13413 27970 6455 13335 25955 76171 17284 55296 951 65603 77924 82706 28929 96292
9002 20
62316 12124 91892 37414 52024 13716 74681 58943 86336 39863 99659 57226 2591 14234 49905 77985 31122 42901 16782 34020
9227 14
54980 75128 42200 67461 30542 63726 66562 43939 98859 18981 38461 17766 14391 27902
7729 18
24647 28235 31058 43920 4197 6685 15638 80885 25440 16001 86053 5343 54159 31033 72099 89627 15641 74182
2111 14
29311 8110 26952 60105 43759 41618 6653 47961 10258 38453 6578 5996 60359 88323
4380 17
20565 20263 82752 43103 66833 52213 38621 93492 44273 11324 61185 42963 18963 5229 46072 45042 21474
4164 16
87460 40738 44932 13419 35906 4947 4903 31466 83030 32376 84170 36802 5488 29670 91515 83957
8269 10
75850 19008 54099 99085 95653 19870 40964 92585 79907 38395
4116 14
9338 40454 52495 28986 19149 61807 43174 30546 67788 14922 36488 70766 41152 10414
9810 10
53684 72649 95564 4726 1912 53669 7955 33464 8905 93754
8128 11
27904 98960 25117 78649 19960 19901 260 53094 95115 6491 2429
3764 20
51167 83190 60792 85103 69583 56429 71135 95518 6181 86064 75741 60695 26712 89748 84960 69806 33508 6290 76664 4642
2973 18
34945 69762 98433 33853 14497 14362 37616 34494 48717 25017 78862 12163 33642 99807 18578 27393 61101 75883
6977 17
66128 32183 70449 71114 50143 34286 75975 32393 26326 17293 1942 99975 97203 16614 48057 70124 99006
4072 14
49199 82737 24964 82192 45975 79313 66899 20136 40813 72640 79547 20232 68899 27998
7830 14
66809 50132 64497 77190 43505 41142 83384 7133 85147 52375 21907 51238 89960 34488
5386 11
87326 18316 42897 50928 46440 65754 13760 65753 47129 43464 4963
7258 16
13832 49014 66786 79746 58199 73383 53365 66192 77350 83588 79404 9938 80630 33015 60285 51793
4397 18
58227 62566 70596 57816 78149 766 18659 26663 1045 63839 88370 10042 47282 61075 41856 22832 5263 27853
9168 12
78390 22703 34540 96405 28484 26275 5391 52598 5688 81278 643 18334
9204 16
63140 30909 97721 54110 41533 14911 60050 82570 77844 21536 27638 23565 94816 1827 15641 59900
1303 11
10712 38393 86784 16140 62938 57796 68932 81411 61669 69822 81156
3737 16
43158 47737 85327 59688 21489 49181 88312 12565 21407 70424 43515 34756 68991 84845 12217 59149
3134 20
34939 78031 35068 85767 57795 66699 51206 85527 76660 34373 24736 76719 79014 48041 56152 55714 49408 67351 57609 96407
4083 12
52309 50999 1959 71983 16089 20469 17715 23437 67135 43990 92141 3262
410 17
86274 75795 10196 16982 88539 51626 62165 2155 2897 47334 80829 65641 41174 58919 36890 78865 97393
832 19
86392 29746 98497 26078 76482 42719 89198 3870 4567 54441 4118 53142 17213 12923 1489 44419 85275 75680 29059
5426 16
72585 5925 19950 48107 28081 75702 80817 89167 72459 51907 8856 68419 55517 80783 45328 94840
1241 19
29536 35438 7283 31753 25953 30381 22364 6017 67054 32832 86125 58465 64170 38480 99029 90313 34500 47856 33262
1110 14
94775 46345 82667 63840 11124 17878 79216 46752 52822 79109 81924 76657 31146 13971
585 15
68035 95338 58239 10728 47000 7897 22158 90553 72114 28778 78187 62068 98225 40085 75655
3369 11
44346 36496 1077 38612 64757 61874 50739 19956 17204 15038 49076
8392 15
69215 80643 41824 29951 42060 20066 99981 6519 28228 96946 32513 95714 96203 2231 36885
9461 15
16352 9925 87580 40413 8414 19856 78587 4073 40090 87140 63315 44422 35751 29586 1827
3164 12
49782 32687 69313 7633 66562 61670 72596 31190 67484 77109 31033 97316
5761 20
90886 19707 82127 82537 22202 10195 13204 17367 70757 59747 7101 77951 58793 51586 90546 9465 83633 49440 58848 84117
2119 16
95209 45675 12283 84550 27592 88212 23288 40627 47154 39745 4940 76818 93238 34485 10162 59456
8138 13
20108 96157 72141 45672 77636 67623 36224 88287 74246 14820 66280 42854 13542
6597 10
92021 53302 15458 7440 65480 88275 36057 61254 3198 97363
8869 14
50700 62772 27848 25250 9550 52124 53509 38328 82758 61039 49369 87161 13964 36087
8427 15
3442 82839 98543 79441 50819 82993 85828 10276 43211 3291 28841 79329 63169 33516 85437
314 15
63165 1523 93867 44995 50012 59963 60167 22302 10109 84531 64337 88138 70539 92456 64334
8958 15
35279 63505 37144 60861 406 59386 19992 60567 55120 12006 9150 37090 56082 68824 55618
8818 14
62386 42040 94583 98773 70211 39943 2506 95488 294 27965 86782 18827 36626 40659
9775 18
77110 63160 77427 96993 79094 63112 74620 61448 40064 94834 91818 58834 4152 7553 65172 75873 51106 10071
9017 14
91709 14022 5712 19329 60058 91892 26768 60619 43329 91072 80430 42812 65630 95557
4170 18
24690 78045 62164 13380 21707 9654 8546 56800 84045 22287 3723 52006 39584 83717 62841 1918 80354 61321
1960 10
15752 64186 67313 63258 35270 71320 30379 90691 79988 13869
4055 10
62326 20119 72834 24286 54818 46505 87860 89428 37116 22090
3883 15
81808 44369 73083 97903 33589 48709 52270 51928 42944 24416 73176 45299 99574 60726 22713
9028 15
33839 1506 85016 37017 90292 70946 18377 69008 75877 27682 83450 51723 71195 9170 151
7666 19
57985 21917 59732 69744 10829 83744 71368 43543 72848 62577 23158 64442 4587 74893 67198 35764 12676 6528 7657
9992 17
65697 18310 63811 12834 19245 84675 24118 50037 21906 60898 2448 65970 94642 54487 28487 97315 11896
5990 15
24991 72817 55817 8844 46525 30267 27051 70341 27750 71709 57778 17515 24689 35951 63765
7644 18
26476 43396 71355 59212 89347 97054 43063 69898 62560 11830 14944 22370 79845 7510 86800 37473 51970 14114
1939 11
56298 23542 7946 5946 30426 87958 68505 75122 83143 18390 28572
2086 10
71240 64126 8855 22534 69080 50175 10082 77395 10909 21483
2830 20
73779 43765 27169 2816 85802 50999 24754 93477 11521 52506 81508 66058 69904 17347 2023 22923 62515 74125 3571 65030
1878 12
28574 48646 44655 84076 11468 55740 18070 98695 95668 54475 39007 33312
3799 12
88472 15914 61032 80779 15463 19530 11880 58789 51969 39530 10226 46694
6076 15
18577 66935 8076 73316 90393 12702 50101 10124 20059 19881 98737 88709 20161 16963 31939
5437 19
58359 29133 84137 62156 75118 39244 78972 63416 94845 40517 90727 10326 36537 70941 99313 46209 49865 37541 19419
8261 12
69785 52714 4281 1120 14258 4423 91973 78430 93877 13211 36050 52458
9200 18
95783 40998 49335 23736 5786 75076 72874 94798 26733 90870 81025 86219 59635 15517 8628 13319 23611 21877
7512 20
26310 13473 74 35094 60390 32530 8122 90572 88722 64121 25400 64757 45226 2705 76456 50060 76140 50160 93792 63912
5849 19
1608 97553 99523 2889 49834 44926 19152 79817 15196 89578 13806 75944 11766 80951 45652 45671 15950 45274 80858
9391 11
17410 37406 51622 56590 67200 39802 12673 48957 72721 48509 13629
4684 10
82189 25207 41616 57563 14547 75207 46343 85546 58392 63262
9934 14
62769 40644 26078 85896 76048 33290 31611 48939 61475 13865 42785 12599 50954 74498
3027 11
93498 36246 62107 686 7709 94987 72139 30048 55443 26116 527
5942 15
28518 16285 38755 7265 75667 97150 13868 36810 46122 4449 9609 84071 62284 71138 6297
3094 11
62188 10417 96483 41836 91141 19811 94442 70804 72753 26457 4876
2257 11
37279 92596 8041 97877 53545 49709 35380 24086 83071 26567 44184
3874 14
47125 92240 87298 59828 97508 99161 1910 51644 9095 59962 78658 95847 7225 97819
4215 17
2736 21730 18783 4969 46303 25445 12790 89433 67456 64071 23126 99574 97864 71012 80542 9327 72899
8839 19
73517 13780 93992 11548 81713 62467 17418 61444 25692 80409 4964 15830 66404 30601 79479 48420 24954 25978 76776
8366 17
92987 85671 28568 42380 10967 83581 90808 83744 42059 48329 53228 6347 69000 38146 65423 87384 57116
9507 15
47750 61625 22639 76685 37861 426 43700 82357 50520 84733 38469 13243 107 28393 46675
2535 16
91013 214 13128 6673 42348 30238 31798 82376 74586 89687 70731 84923 69875 11668 71440 91069
5835 10
6703 24979 73781 30382 78040 89745 48697 93577 67862 93568
6679 17
65843 32194 80781 31872 78144 67448 27102 29223 65611 82681 47119 35817 83887 72151 36508 25368 55721
6001 17
73661 21401 15542 9506 95049 18285 2465 51208 16340 23407 79879 79986 93593 50160 49955 68073 44179
3472 12
98875 95870 15701 28175 54738 92424 3501 35120 587 59977 1105 99557
335 12
47002 51965 37895 80480 93125 67888 94501 37203 76675 29236 14122 96982
34 15
89682 58167 34868 54026 6351 37051 88521 94768 27800 78776 66243 95869 22903 97750 83619
6634 16
48981 86293 2045 95224 67365 10566 14480 20397 53104 11963 19258 14221 20489 76078 92692 73348
7674 15
80350 13561 85631 99203 33430 83532 38030 40955 92671 96371 96548 34604 22822 23230 48355
9809 12
7458 91995 81683 14461 76882 23774 41078 36806 8225 57612 68260 23340
8122 10
93479 98957 6121 22757 55650 93036 99042 62802 53274 70857
897 16
3370 19537 89915 44446 35768 30177 90241 31964 62212 6362 43187 92813 64407 13632 85252 71146
1478 20
29736 81910 56764 95287 31959 59763 21990 29280 16091 11030 70272 40915 94114 89956 99281 44076 3165 94760 16541 88154
599 19
65840 77874 84613 56373 86730 12746 11155 89722 2772 70241 78333 95277 91700 23800 20019 25834 77534 87674 87928
1899 17
23284 60303 1716 62989 58204 38591 27669 57857 20237 18414 54589 9339 3380 32672 93748 42150 25893
6924 20
71058 52515 321 21608 74778 914 26289 11872 72342 79063 63846 85194 99091 17326 72444 35243 79444 74130 28224 437
8101 18
85863 77330 7489 18975 19326 44892 25853 27883 9825 11981 4386 69595 87425 46390 8586 96290 69837 87912
3507 10
1983 45935 78255 90321 39656 49256 12840 28944 55491 38983
984 18
5364 20155 38364 55512 64584 3149 10131 98443 62866 3243 78657 26821 43392 43599 29093 73305 67207 99627
3871 16
93037 83757 34264 38562 67022 52692 98821 67314 93465 36057 6198 86380 2283 60672 29774 68647
7804 14
10549 40986 65230 42228 71461 30002 72232 90637 51995 50894 79845 30785 3827 55552
3632 13
42140 34962 73286 56974 60329 87037 55839 64088 31648 94062 46997 91017 23357
3771 15
25515 37818 50067 29084 52795 91814 76040 68262 88728 61793 82940 890 36790 17287 84474
2329 12
40712 29778 41841 26570 63990 19110 22363 61537 66853 32615 39794 15360
4086 10
77228 90228 78895 30170 66900 14904 46771 35575 9796 4242
8521 20
64176 83416 49863 86004 86374 5922 3523 9525 52981 14317 66555 55003 92700 98065 53094 45102 75115 6293 94592 72412
9336 15
31985 4034 50935 14610 18601 7095 66404 89465 76358 77454 95682 18473 70375 98817 69072
336 13
33376 95097 68306 69547 14879 35413 708 45101 4456 4018 20031 78480 72530
6733 13
26945 93077 40005 89258 49628 29486 95617 15119 99115 22144 37530 16580 43975
6442 17
27191 71791 82710 38770 20785 83160 25017 11660 81761 36183 71284 73213 11172 69280 6299 52025 36383
4402 11
12941 59661 92752 56187 15847 94612 47813 28026 31459 77337 4185
5172 20
51447 57499 4624 78612 70466 52269 6742 17102 52564 57587 40985 22553 863 71104 45727 8430 24432 67828 5955 32583
5471 16
65498 60059 92558 62953 69600 90653 31354 54303 85226 33430 64136 70949 24670 67905 14515 44193
5811 18
85320 74557 27102 6893 35642 45346 50897 25826 17872 73954 99537 13126 74209 1668 30850 72936 97719 72787
7838 17
41456 59223 32256 4101 76370 11511 81182 23853 67961 44332 34832 10875 44970 34154 80912 3645 23441
3423 15
76678 33003 62122 39312 39192 82192 48157 27132 88752 58117 26412 25385 4815 75475 84195
3792 13
75482 9826 52065 47166 8578 32753 82939 92435 66718 98249 1767 52854 1063
1743 20
65475 29366 24269 20821 50750 94296 23621 23004 11480 12591 89597 50948 87627 76602 9692 68503 34912 12481 80002 24247
3211 19
23753 51082 33432 45273 57344 60062 80958 2888 42423 74216 75480 61302 17693 71341 890 21718 8863 93215 87303
3347 16
67037 18047 27081 63909 73956 39798 79488 46296 42963 86885 58386 88907 73455 63417 56624 24924
8137 14
92511 79951 61271 99971 93445 50711 57208 45335 17341 4070 17619 56364 23685 376
2991 20
36568 38343 80187 71546 18985 82300 90602 69656 35481 465 85266 16259 37044 60312 11897 37961 44075 3424 5604 11800
2565 14
67723 13699 60170 1357 31243 98444 90677 53394 60023 92265 98761 1581 45078 77450
5193 15
57071 69331 45002 31968 60938 74255 32326 84756 55715 28848 89721 78377 21798 78706 36532
4919 12
6006 89104 98753 60469 76319 74860 92830 19554 30015 97559 24316 82160
5171 20
16578 35832 10543 49129 52278 83485 98516 58294 59834 71222 53013 31258 22050 72825 72316 8111 32968 57161 30835 80163
7280 15
80899 6392 93565 38742 1658 24479 5116 55355 35081 2535 88372 35778 5917 4380 86327
6418 19
14997 77682 22844 79744 82879 91998 96150 57577 75744 3708 39035 4176 71901 55251 7124 81382 99717 36770 55802
3947 12
46971 40480 18930 29341 50385 92530 6863 12650 55870 97418 70178 21316
6349 16
92433 96766 26165 26396 82010 96477 26540 26147 78121 21212 63767 4120 84043 93970 34113 17469
2837 13
35309 91512 94003 67662 93926 70238 60348 50938 43769 50798 57761 99704 42141
3766 11
97610 53710 23121 41609 98159 72504 89793 24788 22781 52837 96098
1415 12
36581 60818 59570 86353 12331 77295 67311 89423 83073 35560 11057 18746
521 16
57801 7326 82837 88648 85149 53166 61408 4233 76673 2254 80393 35549 98259 2059 84559 11261
5547 12
3379 49370 50578 77720 71951 9153 79694 89992 77659 83536 5500 35887
7191 14
5609 45325 55252 33140 35312 19977 60405 86154 39828 84098 12118 20961 55622 97099
3998 13
30958 50288 19932 94628 4051 57688 71934 88054 97779 64979 89508 91337 53876
257 12
40565 7848 48541 46943 30468 23752 43841 35009 50651 88115 10011 47090
6850 11
99700 50099 35459 52749 97265 87286 88496 64835 57428 79264 80685
9392 16
41583 92031 60152 16853 14097 93839 50804 17618 15826 4218 94867 61886 35946 95834 38506 12125
310 15
56999 58340 2192 17185 14930 83307 27463 9345 99948 18449 22665 91758 75665 53010 47216
8422 11
49918 27526 65703 70695 73609 1290 62578 17780 32319 71702 27225
6211 13
72959 20956 75386 71222 68981 78921 34066 98515 31699 27025 33762 46219 66169
7042 19
60582 42074 72464 37687 49221 64879 38712 77640 24343 10231 94727 18110 79123 87349 18938 1911 92896 27467 69648
1464 11
10968 70201 32197 31005 90673 6964 33607 61212 23162 32384 40376
969 15
11375 16352 3560 94144 29407 6800 51351 77890 36205 64681 38137 24281 90538 7644 4938
1420 19
76512 27803 26410 18028 72371 28783 88102 74425 89894 20791 11526 24206 24401 46426 80524 39276 82035 1597 84686
8773 11
75291 17779 56192 85276 13380 57468 89908 36647 40334 5104 33557
2552 11
58300 8695 56745 52282 682 53016 8988 93487 6884 33606 85285
2115 20
57393 56546 631 52372 56731 70698 30329 99970 67550 40196 44940 50089 82299 3811 72783 62652 36470 54155 99988 28285
4986 16
52927 66917 22541 36753 44980 54419 25224 40099 6363 99737 20097 1414 40128 63605 3255 82988
8198 16
26204 7524 51113 58483 66286 59495 88933 41823 79594 48942 20928 12267 3079 10738 96298 92622
6209 18
98836 4248 82572 56753 83615 42256 74403 55237 94080 65669 31357 73196 23915 4664 50002 60849 4689 53650
783 19
41389 49971 593 99401 80409 50900 32306 89896 63943 68715 92020 99706 2958 18165 14838 67862 55062 85759 42106
811 19
94207 7006 87847 13093 66814 43056 25691 33777 60123 32257 58470 87977 36628 18871 84120 50881 19254 11148 68738
83 15
28287 31628 96069 41578 72666 13463 65409 73003 68141 43912 83179 85294 80483 17989 20825
5896 13
35109 50877 1633 60851 25352 6549 53833 25822 96973 42871 5847 91507 88504
3667 10
80618 67393 69139 13608 18478 41337 88836 62143 31002 84363
9752 10
27133 97353 51247 3775 5944 43989 27738 55576 19038 7306
2203 12
42602 14411 65073 66772 2832 79583 68082 49582 60445 70622 71567 36938
360 10
51762 9390 19893 26241 80824 80851 30215 77074 31367 18869
3529 10
92291 71227 75927 1810 25057 36293 3068 80431 31928 65857
4011 16
56544 17556 27377 93247 91863 62780 27333 91367 45199 64750 19886 71497 25444 95834 84344 37512
3626 18
48568 12872 88247 93048 35013 43673 83171 93140 18769 64512 71046 51156 97070 36207 60051 44095 71871 47103
8008 18
71377 50829 23597 61943 33914 37017 35381 18070 78600 3839 38386 93520 86370 765 69382 47538 78634 69813
1807 20
99187 7847 92886 74681 89163 86753 77216 55560 8010 39933 93474 63275 97929 94259 60598 88738 48294 88360 49334 90073
4231 18
22830 93013 28 33514 81509 90565 37715 26108 83453 7049 6070 21764 96225 17548 68464 48429 52359 24035
673 19
73053 37068 58881 17215 46508 72520 50079 96349 29444 44256 93437 59134 42583 92933 97092 20178 4694 74144 65306
2778 16
53630 5212 64301 10732 12271 6688 13424 95289 7237 11107 75312 92159 5981 61039 66600 95839
8093 18
89863 53286 34533 70998 84931 1934 15847 3141 17236 5675 11320 97945 22993 46747 93112 39976 35669 18541
515 10
89148 14908 50616 14317 54890 73933 88571 6102 86261 50076
6289 10
24167 11857 93353 25275 67445 9609 80833 37646 757 63421
2126 19
91307 15433 24695 2994 83515 37437 39045 39158 5152 33272 46775 80042 18221 79908 75921 92653 6266 16653 14772
1489 10
16618 84676 96446 18780 68669 10960 6539 98757 40236 89091
3192 12
48592 87211 18494 76950 97915 93968 37464 80379 30196 36237 2209 96441
6464 18
78557 73781 58880 71231 73743 49221 42483 37271 70117 7568 84763 66338 51166 88610 42093 7421 8972 19163
8843 15
62185 75867 51046 50624 58949 39604 82538 41602 56130 30128 78685 26685 6612 41879 4463
2269 20
13151 68373 36013 77141 83406 7341 54550 37632 27432 25367 24443 96431 16400 77337 54049 48995 21349 79711 60244 96225
4430 20
44228 62452 81339 52219 68883 36836 55012 37464 1557 14462 11400 92534 12679 37523 3216 58755 80658 73238 80369 93730
7296 14
49203 79028 9476 11285 77828 51538 41134 33372 23355 32866 2547 36981 54115 12073
3218 14
97500 37840 95143 59691 5162 1010 52401 23072 46846 86848 23405 55521 84101 65795
7071 11
83596 32802 54358 83688 40860 49768 61317 93910 72570 67657 28620
5999 14
96427 11566 50054 21000 10128 59137 70701 33623 41739 75402 42056 89070 75664 69509
6665 15
94640 35658 78328 60207 88816 50515 21582 31325 96148 67942 14148 49364 20270 15422 90309
6612 17
61274 26840 51976 22393 3698 11996 90289 91424 64075 60509 63998 41036 56585 56700 21810 1584 53430
5530 20
59366 28038 81846 95967 1436 94165 8809 70492 6221 3036 51062 71384 15173 59019 36305 78721 76723 81028 19170 38569
4398 16
29918 91995 59630 92429 75088 79383 6175 65777 59341 72267 1839 29501 58223 37258 81038 68863
5269 19
27223 38405 26048 5257 7929 39365 86823 9236 50139 24854 55893 61193 66959 41417 32970 34903 79595 84148 63780
6423 19
16915 6832 18339 40246 95350 95909 60935 7116 51462 64766 77451 59936 10228 83681 23991 28524 9657 92164 29438
7822 13
68283 74828 20701 66124 77976 550 51399 48849 70296 15773 45966 75535 86967
924 10
27088 30692 63681 68117 59119 2009 9573 70719 32869 2345
8316 10
47223 57841 94677 71145 90133 15930 50564 35067 88459 16936
4001 16
13030 21650 77141 90042 65591 79390 31140 8528 97667 51954 19280 81051 13888 89416 29890 45852
5668 11
51313 78751 96666 16157 50980 66577 60769 37264 64684 6203 41952
6237 15
91042 57855 10342 50591 96515 14727 59450 44804 65844 39697 11327 85750 47326 35897 99963
8663 11
9850 6134 8726 17711 49876 38608 60655 43539 56195 97554 87246
3955 16
87897 21941 21980 96437 76480 13169 6022 48803 88248 62354 77965 63838 9607 38251 20670 48400
6355 16
97645 41965 33872 70258 20133 84084 65387 94618 50907 17030 62766 56480 31177 44783 10185 91485
9562 10
90086 17388 24074 78801 6065 43028 73374 54582 66324 82933
7450 10
22218 97960 33548 3796 23131 87177 91580 42922 15695 78642
2268 18
16134 82754 38861 16826 53492 30371 46685 17071 99746 45035 35862 78188 49584 86866 7877 46809 37530 18519
2655 20
57456 69053 78284 5767 89725 80016 90550 55319 79903 20397 81355 33581 83632 64957 16138 46808 68865 29910 84924 18033
339 18
55575 72357 17915 46187 37593 86688 13498 52082 34201 19998 36061 42160 43697 69372 88088 79228 27942 77635
498 15
75135 77897 72849 38688 11241 90223 85390 4651 55274 80075 74383 14276 84687 95302 64733
6134 20
88845 8314 20223 28511 59575 15130 15983 16441 83989 14464 46847 72197 54442 58272 21341 84770 53746 3 93362 17304
3915 14
63550 67403 72951 30953 98284 74117 45917 59016 60639 98747 55918 27006 74855 83261
3684 13
36274 81144 73767 64184 52341 13979 3879 50494 66179 38487 15994 75138 65974
8447 11
61640 66747 48818 42675 32208 5819 72714 27837 23489 69837 30631
5285 15
2419 88880 33018 41032 66260 64457 67607 26087 669 31780 71759 84286 39323 17578 83059
8236 10
93640 52580 91595 6009 14396 68383 86977 71801 11569 29760
5 16
48874 90613 30091 70553 47081 98759 14459 86009 31929 83777 62891 41431 34776 32713 85820 69906
2240 10
49021 59757 32689 82465 4273 18780 38090 18272 26416 94801
3050 15
7507 17096 20053 89911 80440 31709 57053 55851 41617 50044 77035 63291 69020 14042 20139
9124 19
32653 44053 62522 92274 20981 15298 21421 68026 43429 94572 12780 12191 92903 40886 79060 15162 60377 72526 17411
5654 18
58774 55252 49319 47669 3479 26060 13720 89846 26456 83268 59164 42559 80070 87670 3565 10907 8560 94010
2671 12
82516 20662 14228 14101 80477 15463 90416 44181 35286 8859 37061 50145
7499 13
84968 51896 26531 17602 31954 41222 37774 73227 32669 19177 9796 33465 42663
4213 16
94775 84254 24738 77531 94145 28342 79678 26825 30834 66911 9895 46208 20152 47974 29636 16057
6239 18
81944 59596 50373 26885 57560 635 27871 94511 77607 16312 31844 72953 50310 79224 40704 45378 10636 36532
9889 13
17833 75279 75653 33093 70722 99860 28851 32305 47077 39701 71030 55108 29752
2824 13
55254 97295 55607 72587 97960 52131 7772 46614 14508 10632 59793 87607 91273
1824 17
18005 15316 72932 65226 8572 30186 63962 46666 80885 33502 22845 29019 59120 81351 24816 93300 60722
5585 18
52702 21281 96805 22256 21611 3807 88662 74742 19380 32575 7655 48826 54001 8062 47944 72826 7109 82005
107 14
79550 48205 321 13672 92509 52031 18315 11429 82899 33607 2626 50847 61850 11806
6769 18
99340 94055 27316 32405 71709 45981 90677 23487 72603 87382 7510 17968 14492 45307 43023 57011 42007 26607
9667 15
13401 59887 70655 54762 90180 36504 43833 16180 40011 66302 56222 94791 20501 66630 50609
6609 19
80532 62769 26726 22173 78614 73426 64281 69910 20546 84281 76612 40813 15824 8037 44884 34525 91760 17782 6635
2908 11
20969 46658 56188 41295 34005 59140 84953 82047 50659 56549 9530
6188 15
83244 1470 63904 6076 21435 22434 82998 53838 45607 37085 40909 31166 35967 81763 98498
438 19
66969 35391 83889 99274 35054 32649 42082 15813 80223 11330 66175 69232 60434 89610 38629 79345 26861 63712 27092
3290 18
23482 82662 9508 90740 18661 76 33484 84907 81172 43961 93512 17413 10959 14447 28385 91742 3676 79759
2049 17
8173 58646 3273 98753 8094 35266 22890 32306 13156 49714 9086 60204 13521 75571 8782 79668 20983
993 19
37640 5913 15551 93522 98506 73163 73605 65658 98571 82869 96099 1939 76936 61584 62743 3923 2896 81791 83276
9574 19
93797 32523 58606 78540 47383 62810 5934 2343 10510 30215 23994 15704 46276 99574 65428 97499 58472 59397 28041
7954 11
19268 66778 44258 38185 88317 154 1340 82077 10657 96374 91676
5936 11
10349 74687 88899 54030 87645 98471 31577 92677 73646 24757 61905
1752 20
34219 14251 226 97137 83265 63175 32922 3970 30714 50923 66285 6294 67044 88425 14089 78980 40002 3907 56345 70743
9302 18
44023 23442 31657 39129 22657 15916 24685 46052 20060 6648 16179 8397 83431 85456 43289 85673 38601 35617
1844 17
95886 84941 6335 67733 28593 32769 92028 98585 47525 3226 20577 82730 22883 69508 67700 54363 19179
7726 18
27 79952 84050 61424 9587 88213 29087 63936 43404 82992 51359 91734 52019 65491 44524 44950 26720 85737
8412 13
96599 69818 88384 65076 3224 74206 47400 71832 38169 48935 75065 3302 63364
3394 13
39436 15939 54203 95135 81118 10310 98924 10938 58482 2863 41598 64967 93786
3201 11
14868 30259 54824 62462 54403 99450 51060 89925 8566 69498 86729
5926 15
35943 78192 78639 40395 69838 86784 52752 97132 71833 33209 87561 66234 34786 18542 59526
5289 10
47566 24795 62287 54067 66836 37565 74067 88023 52704 56230
6246 11
68475 47975 35090 12292 28024 77570 33834 9343 52410 72842 49176
9596 18
68283 28257 92897 36022 46877 70628 62020 82845 350 83745 36722 52255 74803 24317 6407 58817 51612 83441
8572 19
5616 12537 23157 22464 61981 91093 96767 69201 93536 11908 88489 82427 99978 29877 64529 54514 35534 53430 83108
3129 12
17512 30920 90576 97328 80444 48444 43185 12663 89159 1713 18267 82080
7515 11
32060 77803 32430 61005 13034 63763 1370 35357 5656 85042 27885
1014 17
62913 33578 74625 67950 21950 76791 30283 55274 41197 19587 77146 7927 27325 74634 65429 46274 37599
2162 18
93034 31645 49668 54504 17961 42376 81610 63614 31401 84861 54449 34879 81932 66269 35593 33165 44531 54155
9266 11
36294 41799 23035 21046 56308 35622 48502 34632 60879 79672 43016
6374 14
90465 1683 1633 19661 82233 74859 3336 18203 46438 73713 61458 29970 39290 96364
7462 14
42276 2181 20559 88593 40006 48573 21703 40274 33266 87495 66035 78618 90555 89794
5254 17
86005 19128 12758 7143 3033 77475 56441 56823 36272 41281 16734 28576 54325 56542 37471 14429 76406
1952 14
12985 71355 91043 43701 57365 31511 33240 63474 61733 90973 42604 80224 96773 41925
6236 20
95663 46152 89336 72514 26472 74537 37495 85494 43916 49075 71100 88550 89773 67257 89011 6736 31748 23755 21997 97316
8649 13
33636 62417 61716 68823 26555 89832 30396 89830 25295 94712 81110 53719 45589
6340 13
8151 60207 13455 46063 60749 94994 83042 4957 53228 9906 35977 60536 56010
2984 18
59464 71432 911 65932 20223 71546 99933 15268 77802 37544 17016 98914 52854 2953 36968 74210 63935 1455
6980 19
53205 55463 46236 96257 95986 5817 40284 5705 37419 23837 57681 25220 52865 92148 18909 10247 86902 345 57447
8841 13
72659 84550 36520 68411 51934 56422 90949 33631 85002 9894 17203 60487 20256
4749 17
81797 1428 38677 3103 39743 77302 16155 75299 82221 56596 44007 21535 57605 13811 26268 24773 61905
9641 15
95066 91498 13853 90634 39752 56583 85065 52231 46240 77591 91071 79482 78078 22138 79147
9143 18
49178 60772 25932 45158 48011 85265 88929 13122 91287 57260 52799 66006 96999 88337 40948 67560 69322 42356
2293 14
98604 92725 43317 56425 8227 61028 34447 73439 89524 45466 9744 66863 61567 88376
2350 12
44605 18392 73379 70 79745 92186 31049 20453 60978 36697 36280 19798
9676 14
93929 92518 68280 43234 70745 14601 24519 24654 14940 52718 16635 94138 96170 89472
6378 12
50575 2759 36286 25257 49726 42644 11653 77298 73365 97554 63749 85709
5088 11
71975 92961 16112 22085 17693 59896 71470 61135 50196 26890 1326
678 12
85487 33440 94664 84236 17194 47386 14878 8939 68211 31520 36725 47622
1742 14
14368 94839 17314 33803 31796 57061 84870 56059 80433 41731 94946 49286 55744 58461
8890 14
36749 63102 6725 5858 26620 15643 98464 79810 42631 29939 14151 30752 3650 96640
5525 17
28392 73677 985 25763 3297 53555 93457 9905 2694 75965 60775 37553 72008 77308 51593 64360 91800
637 17
31175 33750 57881 63248 53337 69260 62392 40066 86656 55018 76310 36630 85689 27172 81280 47643 76965
2585 16
6786 34582 18339 11139 67056 1673 6193 17454 33351 13156 66719 89694 26261 2636 9928 98609
5095 16
17113 95402 42635 10740 2442 9341 73565 35594 35743 72588 34202 57603 23429 49580 74182 54888
682 16
6927 88473 45690 47847 32681 57490 93357 90207 68424 33000 75338 67458 3557 84194 97980 44613
1550 17
68279 46278 27391 39689 95024 9830 53781 32205 76247 33528 55633 96794 40400 94711 18735 3571 38858
4367 16
21917 17724 83811 27337 8973 83027 16329 55056 17410 44992 69318 72896 65627 92503 87161 62775
3467 11
28997 56363 90590 36992 89685 4713 48225 35798 78552 8128 7214
4891 19
4167 95816 81515 68083 38593 45691 28857 4718 55497 23737 35489 99788 74078 23732 28267 42432 49811 28246 4689
3818 19
40684 36133 82884 77664 79850 85029 68854 88240 84791 21513 24980 63719 30574 75954 98521 37897 825 96670 55017
142 10
23765 27708 52504 70926 25320 72905 41397 44876 69776 29870
2427 10
2173 42610 20418 28599 69666 43798 93108 20810 90369 88118
5272 17
37152 6228 26000 54677 14946 18631 83652 52185 49264 37339 38740 37519 79790 44610 8396 50995 82744
3418 15
19757 8222 92780 21134 78891 98243 4314 39322 12207 65342 67750 37794 96870 28143 48325
7987 12
54411 25794 19943 77014 83873 25691 7106 9875 44951 17843 22739 10682
296 18
13112 53679 13780 20885 34006 34131 9523 80421 62489 18247 68972 44461 32470 7083 95246 70315 5286 18353
3623 13
51326 56935 10805 2417 54320 53344 75668 18974 13622 50416 89642 23510 74106
301 11
80619 32502 27535 43797 59599 79443 97823 97084 12478 51829 61545
3842 10
10751 59453 27533 56888 8859 78320 17500 74548 77934 12400
7662 10
27790 81018 94080 97709 47131 28245 53145 92383 93983 58105
5281 15
85487 29553 10224 60825 86086 53940 33046 92374 22276 85547 14677 30916 5775 99717 3255
3892 18
20053 99035 36386 94948 62900 98800 67317 71082 22403 53692 80893 32622 12462 87941 42265 92764 86775 730
1731 19
95703 43551 45653 49365 58646 62603 9773 68097 88863 6756 26239 26296 40693 4499 84056 44982 76857 2408 19645
5156 11
2718 32131 71747 62996 60653 49531 52173 14426 93074 90351 92323
5393 12
91217 59661 10718 35666 47244 18262 60745 89816 51966 8062 51831 66121
3212 18
88095 84954 4550 17702 36599 75898 15474 26592 29924 98398 9199 88836 703 3318 85403 17078 55051 44512
9432 20
2249 98418 56335 17858 81542 95835 11634 11793 96975 69921 82880 89583 29522 43546 34357 76675 1915 36104 16250 42127
8262 18
14172 60403 48694 34545 38939 48070 11053 74958 30397 4437 78104 98408 55618 48142 77806 54072 95669 13390
1269 13
88351 83339 43551 83487 16327 69219 42034 65460 21019 84144 65737 31493 7718
3065 15
27791 36925 88681 46943 57679 61023 9538 13897 57157 57986 78668 54699 72236 18806 67243
3254 18
16018 67333 7625 31863 73943 31947 37406 9197 91770 36659 42335 31018 34267 73371 39232 2431 57953 83955
5159 17
48536 189 66428 72289 33771 91427 28051 53252 40507 44456 96577 18426 68138 35207 60365 21122 14772
9305 12
13544 67681 94107 8333 90253 82515 95658 20930 44751 61850 59824 62607
5950 17
25452 42850 30523 85222 91878 8827 1357 79797 13810 2055 78148 64882 84196 3008 39675 14756 63389
9517 15
24720 97001 52964 64422 61144 58949 51558 91100 76115 97254 88018 25943 36928 41155 65632
3459 20
33307 1678 87515 77920 8575 57400 24874 17120 22522 25755 87562 75515 71217 55157 65964 10876 12206 28136 53358 97886
2079 20
81842 82091 18985 87837 87813 3333 10174 9323 47464 49627 13037 60294 65350 96654 24382 58472 72866 87657 49369 22275
4014 10
55607 96015 89780 45552 20704 36549 51144 18497 39304 62085
5630 14
15318 9807 76596 69505 32621 41158 71499 81208 42676 3638 20951 41045 14840 6924
8259 13
58106 97998 50849 5506 94676 88886 38499 10457 22088 3059 39833 40306 17142
4068 14
72005 57186 46190 73470 64187 19220 53856 53021 24237 75385 93308 25918 48269 79609
5847 11
64299 22096 72568 9141 22601 17810 42790 75122 21172 7677 13962
7159 18
78410 34573 84649 92431 89347 1623 72887 39578 7829 53138 130 79578 18427 99647 66644 38087 4463 84160
9013 20
64716 79910 88859 28809 63012 56101 23750 45327 41657 52400 75957 97195 33431 73728 64041 46927 56551 49605 47364 92583
2151 15
61360 67340 12005 42867 32336 21836 57231 89199 94655 81858 90935 43102 18408 66458 27306
4100 12
51164 35103 29972 61020 73240 18669 80240 68742 18176 44205 87147 74854
3074 20
26264 82820 72959 37009 88267 81360 1016 32454 92498 28384 45069 88537 21746 15175 24574 40967 63173 61306 61127 75486
9701 20
65966 27268 25174 1525 1052 8094 31395 15781 2818 68342 91110 62016 51074 83698 72243 31118 8182 15834 82937 86794
8363 20
86460 75160 19297 8218 22066 24495 10067 58215 52197 4338 95698 79757 90492 77027 21268 21457 17958 421 13267 12905
7534 17
6159 57846 42500 65621 62332 57589 63250 96584 75223 47444 46911 12910 62273 70731 15974 60646 23357
2109 19
59548 69361 53017 16081 19152 43212 31327 64071 9177 82880 42324 84424 53156 60640 39183 32541 35173 81350 12460
5458 10
21729 22777 98 75330 29942 80526 4456 54394 76266 98801
8174 17
61041 77403 52739 13926 1372 609 96761 70808 86736 17294 21511 28054 25361 89563 70524 16501 31207
4351 17
39778 19361 62473 29015 12710 91438 46872 11978 63437 74284 87581 79471 16849 38794 69918 46112 55224
3399 16
28034 35814 10465 74295 82928 40973 31740 64165 36676 37944 48438 35323 19469 22569 61191 76703
9070 20
1833 95623 26864 50741 79699 34749 28391 18933 48849 34078 41616 95459 18941 78692 78830 22344 46400 78622 12507 12301
2714 15
88095 16027 243 38324 20559 30171 61915 26672 18199 88007 77069 4870 1865 60652 52974
1846 14
18047 88545 45443 1576 46687 96310 90456 68503 48915 96807 33501 71831 76664 59613
579 10
49017 66917 71023 75165 45252 42065 62224 40520 12219 67171
6285 15
10892 26159 96251 10521 50044 41241 94245 93151 14578 86520 62169 24073 32485 86974 83809
4661 14
17597 72713 21867 81257 24216 81821 13396 84872 42756 10589 97597 429 3276 51616
4914 11
156 72650 78860 51134 26633 98086 53581 16410 65108 89836 64661
470 20
58852 34110 50532 75916 83487 71140 7128 61793 85789 84614 84978 34263 30681 84652 60568 54586 72655 42465 65050 72346
6367 19
8507 89772 95063 18716 68008 74113 41361 7512 51554 12701 4513 51998 55679 59315 55688 4138 46085 85339 53725
4383 18
3660 88191 37770 64548 92898 51153 49762 21265 14272 40441 79012 11447 6329 81907 93416 15791 56820 12670
5016 16
20560 18744 22775 23219 88305 14204 94353 84141 99707 29307 65166 11671 84538 26797 71818 50570
486 20
97830 4790 62384 35600 70433 92872 57487 16438 74082 1886 17824 92546 21153 32434 30785 80033 28477 78122 77753 31791
4742 18
56443 71519 93082 96223 13207 45484 10573 19146 1743 31598 40125 71030 79458 80334 31916 8825 22189 87984
7039 19
91512 67834 77918 35573 42126 42519 36815 98041 27978 83474 50114 77076 85555 72967 70713 76407 20064 27899 71440
2317 15
20878 87402 65696 82056 38890 66434 85883 10806 70890 41224 32673 75328 15438 60074 61382
6805 19
8175 5852 63182 87313 12103 12320 4740 21120 83178 49444 72651 83935 6252 7080 96088 51279 85071 20240 59020
5836 16
74107 21366 99548 60268 93283 64724 4677 47206 29522 69869 16605 59628 29682 11646 78095 15179
4963 18
99629 28048 34875 28802 47826 32355 21883 62023 61153 13355 21360 67334 36289 99191 39937 44372 31380 42460
7594 14
70307 10648 29280 72978 75342 74153 37384 18157 85279 84674 48297 66250 89472 68793
1516 20
74133 89052 28928 6026 25096 65931 21851 68551 75545 54631 96431 35392 99725 25771 88346 93938 7187 26779 86602 38377
1028 10
48004 46773 88525 98360 77170 4225 92049 44539 60552 6622
1037 18
91667 36246 59078 46511 43317 11076 89697 59650 90410 38137 17608 67113 97148 90382 23309 61415 86998 83452
8328 18
86907 92596 3549 46690 17414 8882 9753 74458 76330 45149 70422 22131 63526 42852 86436 45518 28629 1788
2047 19
31450 16869 65400 85450 16253 81296 28650 75276 7932 37522 956 5708 80520 75223 44463 19298 94556 29083 10296
9643 13
89827 20495 46820 80901 63647 77608 9887 10389 7922 74217 38126 52650 41542
8186 10
4106 66406 20166 54686 80745 38853 75208 78862 75246 45298
5427 14
25335 48764 78939 92912 33340 16191 60495 95337 75811 28677 37203 70834 13678 96387
3109 10
89613 1094 84480 70931 5398 93747 52392 90908 50905 77712
9463 13
43157 30440 69491 12448 71472 42681 77451 21219 20179 33674 29093 5247 4551
2214 18
71149 6515 5449 64376 37980 9236 69006 25274 21223 59437 45646 36172 59288 88742 94368 69665 75024 51556
3859 15
13583 30049 53180 84076 67860 90034 40901 67990 61686 22248 50188 51337 24656 76163 17275
6536 13
91558 42673 66779 35677 32258 19140 39187 13986 63845 24902 87480 87706 98272
5465 12
93477 96489 71758 19351 98642 35703 32846 51954 15842 61574 7394 78779
427 11
40282 97772 44066 77837 50193 75089 99282 92463 98000 77656 43303
2470 12
41551 1465 55965 63724 17111 84926 1537 76510 56202 90674 41697 39710
2467 14
70304 27827 85154 61611 88573 55542 59639 31267 18572 5245 85069 23946 79469 79900
6433 10
10557 39715 5910 93327 5961 50867 95832 43014 96290 20039
201 14
36432 22782 41939 71461 45238 55418 16015 71506 97865 43702 59402 37292 10122 9003
6717 20
81339 36096 18367 33661 74352 14982 2492 95454 41992 83653 32544 68371 87993 18904 26392 40088 25539 52310 28162 62589
9208 12
34691 60684 23102 83127 68199 76851 91296 39015 497 99956 88985 28476
6197 11
25916 60903 442 16441 25315 6879 63095 19843 16497 4942 25777
9060 19
17460 91847 85768 78524 75184 15588 58438 32288 49125 82115 73534 30539 2832 39421 51498 28418 47744 3631 21954
1500 15
65605 28932 42562 91043 14209 43054 82465 8147 19342 14421 68817 88956 9293 40574 75446
3580 18
54485 15914 26308 68291 74033 43312 88651 94672 7837 33000 12403 58325 29107 47553 93285 84211 24670 22381
7254 13
52026 51035 31243 57522 28004 43247 77930 74818 63468 83177 41589 45426 93710
1064 11
33307 63948 30403 51195 55237 58305 25526 519 43738 68709 3696
5050 17
82370 47576 99354 87247 41597 35893 34949 39820 81078 74916 34350 93662 58581 3928 36060 6422 7328
6899 13
95073 51050 94621 10095 83721 85338 7382 66671 56318 85529 14246 36977 66595
1565 17
60497 21345 34472 94823 61342 97056 85015 96150 29635 71487 32549 91398 82383 19907 52008 72597 5130
8033 18
2919 8024 90525 38348 44501 88568 29245 46948 55854 41502 99271 73056 64948 85106 26887 68909 86261 87991
4297 19
41818 40293 7838 40342 71757 77693 28652 25838 75660 8519 10514 85081 19612 81533 55765 596 50128 35826 5924
1963 20
36219 41579 22925 47421 21730 53039 77314 41118 27447 85379 41602 65636 60410 41207 70641 6107 95370 61203 33341 36653
2365 12
34759 88611 90331 86580 11106 92877 711 97762 58568 59144 65862 82901
5109 18
27223 74113 25680 4675 4518 25417 67949 17428 76245 54197 75684 67954 15093 9836 21327 76521 96380 81424
440 20
97381 92904 22116 75875 72845 65068 51407 17196 14865 96386 81887 22669 22051 52863 29751 90229 52208 64025 88277 98786
7312 19
50617 49967 44421 62565 24747 12490 47154 61924 94242 12197 88202 28791 58254 39265 61897 33892 27440 23031 18369
3415 15
74564 55114 76940 15130 10811 51104 11174 9039 67042 61919 5836 68213 68404 57367 56476
5830 19
60649 78489 12702 23539 13259 72476 72903 38494 66515 78890 31295 24291 6634 69900 66499 72095 48468 88894 19095
6470 17
52430 20950 95501 50052 35795 18006 97803 64147 52709 81962 1076 22269 90831 1969 97384 55265 28558
4681 19
76932 13242 5920 8956 9211 26436 20058 74041 72529 50545 83177 35887 36866 25106 55202 81294 42506 88926 74710
445 17
27036 14411 24640 90346 86612 92413 64459 24482 59344 35349 36172 32384 2014 69678 55148 18854 47090
3921 17
46074 76490 43430 60181 45079 1420 43480 61771 15053 14659 63852 89556 89729 54401 86890 85820 74507
559 13
7190 36910 70353 45994 87584 3448 50412 84609 9269 19849 56575 5788 47217
5831 15
17638 44995 93820 25105 81700 15833 53142 96040 84279 40620 76554 55356 76735 17174 76089
6484 19
73073 64720 22878 37335 6410 39787 66040 91647 53319 70009 3922 50057 26862 5028 86189 87186 30527 2347 65804
604 13
53894 29140 79703 58896 46407 32057 80612 76134 18628 99172 76575 19444 16250
3331 13
69768 65361 96228 47058 33693 10894 82845 37966 22790 34050 13829 87848 54908
6143 10
85209 7701 31317 24134 13865 92125 9630 30869 80557 5386
7468 12
37412 6968 82111 71658 85876 33073 68262 26244 44624 96293 13598 67830
4490 18
58202 71337 81386 16060 70238 83630 44635 62514 77937 19038 95526 49258 94608 73041 39788 88257 73008 6041
2675 14
61797 82203 6623 76632 75092 17293 20859 50380 27564 928 87522 38806 20321 91568
548 15
4373 84013 52961 54149 47559 71669 87751 95358 32263 30740 1969 74869 28077 87470 53466
3941 17
35672 22286 84220 45541 41179 85941 83562 41397 67271 16478 8724 82345 28017 11777 80541 81858 68285
1842 11
27023 81506 8019 20617 86868 40130 92422 99442 24906 64327 50234
1176 14
17553 92171 91262 7382 91541 85015 58895 35942 46632 57842 84570 38649 63336 80163
2515 10
50821 62625 78082 90178 21342 54834 72239 69729 28199 97474
1139 12
20382 63126 46215 51672 1884 41635 13159 33173 24234 59678 80578 19263
3473 15
34460 58628 74712 28388 97635 32208 16736 23666 89557 69252 29757 95151 56850 87775 2789
9625 12
80192 42253 90557 98953 66867 21114 26530 65021 1025 27580 20165 88406
5451 10
24619 97843 43091 96027 11394 84604 84441 98744 66624 79931
237 13
48154 91842 88352 73477 67478 86725 31849 80910 82791 7343 12804 95786 62161
5030 20
36814 35724 8186 66633 1763 82133 53718 90423 10444 57136 30735 36144 52071 42899 99897 98456 19728 44278 63887 43874
283 16
34533 97389 53977 20758 89784 37540 66568 17747 17523 97229 48462 80348 2751 69277 42973 41323
1630 10
4576 84827 44063 74771 30501 82512 36035 85785 20363 14764
5956 18
61150 73217 1566 33959 51647 57377 66314 65480 81811 92215 83263 93419 7784 62969 34372 23111 18497 89882
6739 10
78605 49017 32314 60521 54695 56487 32677 22177 12013 50698
1661 20
24511 85544 148 52131 38934 31834 63329 54200 78657 11558 39745 99581 61243 51298 24792 88907 35534 41620 75322 86486
465 19
32334 36875 4418 11588 22169 666 54490 30843 39961 82793 1139 5493 43640 48125 57715 27856 31246 43614 10458
1398 10
71515 68616 71375 53546 99371 76576 19404 75665 62751 103
8632 10
12150 56100 80526 77491 84600 57931 15455 4011 14281 43668
6346 11
67514 84554 86457 10844 33365 53784 80243 30385 31839 86061 39747
1826 18
83330 21922 66497 18765 64048 26070 38060 79766 20399 17481 62632 83776 21512 5968 83483 9471 55687 90765
4246 18
79660 9858 23821 75618 21451 8708 4405 84822 32000 66005 44035 53527 42037 38259 59780 67222 81796 64689
3461 17
64719 45251 52546 63594 86615 83545 53146 75743 24671 80802 66513 79482 57471 58934 78432 80472 95085
6370 20
33734 88380 46583 427 32239 37690 34253 18097 91160 32566 93433 93870 94898 3501 84683 48312 43840 60385 40362 25601
3022 19
38872 59416 25983 426 90683 3416 6448 14072 61920 88733 30140 79857 9564 78659 12561 6089 73124 18402 1628
3962 13
57824 83948 29084 25172 74529 62747 80896 20353 72827 20584 84159 97899 65945
8965 10
91862 16050 99886 13636 20994 22790 81920 9911 7337 3308
9350 16
52026 21805 86116 73452 12312 85579 35891 73293 53856 97322 71105 71689 43367 6068 13875 74829
9163 10
54751 17015 18853 34883 61298 9077 1486 35283 99903 57111
5475 12
99610 45774 19059 60277 61387 50627 58240 80711 78436 97530 93378 49320
4933 20
20954 39705 94648 26933 67725 92209 14509 23819 26349 8786 23748 93439 79794 84850 20475 12876 1839 17651 79686 38428
5175 13
34740 886 70139 29872 12890 62499 81030 74994 51604 31419 57263 6659 15654
5712 11
79116 5529 44794 77170 3449 38714 65409 32655 23199 57198 26306
1481 18
74501 57324 89739 21795 2528 6691 78483 74128 42698 23414 3516 69948 33411 18457 95592 80569 18694 39013
5267 13
49017 75161 92067 83759 29287 71531 33916 16034 41858 63954 96472 73352 73395
4472 12
11639 22 68847 35070 77229 24982 44076 74212 96709 91501 6311 13360
1394 19
2359 1096 11683 81438 88850 66090 54932 77041 94512 15018 15424 7515 31292 5295 39712 62801 15102 24054 63950
9193 12
57728 66708 53114 21708 1468 71885 75042 62307 73559 29690 66783 85506
8255 12
49042 94380 7886 26522 2022 2880 35282 77426 52136 79527 98629 19779
7144 14
14823 49510 24640 18744 37322 5314 5652 10946 33668 24144 31277 1796 15389 2316
2941 18
26702 60521 48683 74413 4640 83131 84005 93261 39396 23637 39976 33092 99409 66681 88228 87413 6628 15166
9671 11
32937 76265 18246 12328 55891 78821 68750 77785 92380 27758 90304
576 12
27135 96841 61498 58222 39389 35371 16664 30843 68442 22253 35571 47697
1924 12
96748 21520 84775 51494 43103 27490 83603 14053 97887 18224 25447 93873
5282 15
80965 89398 29560 96763 10608 1157 24977 17716 32451 53797 38026 8636 39097 88941 26361
6153 18
3584 66969 42225 66858 74845 99823 66107 84343 75433 26120 69519 51064 16235 72700 21525 60960 29233 9862
8657 10
14330 413 68039 54973 4513 63005 47553 34330 31294 2549
3970 14
1978 58686 74394 81727 88203 84154 55513 2949 90280 55053 80384 32750 37441 3427
3234 14
23146 68210 33474 36246 78255 83097 56990 93421 7000 33830 22305 63563 16414 82700
3080 15
81404 69934 20809 17256 74341 87054 3671 31796 64673 78611 40481 6733 31977 54164 1883
9836 20
15151 78858 64956 79991 86374 32683 72558 92220 84746 85288 54368 65991 46523 10156 37094 34747 49563 32046 63244 93608
3190 11
77446 22820 44637 87931 69330 89532 58233 81909 66225 34229 92758
6830 12
72561 14016 32399 71662 32837 54113 30528 85319 25155 41918 7267 64853
5340 13
99852 32801 32426 13309 24410 11811 79681 77868 44919 36370 39074 20765 82085
9850 11
38706 48557 40658 92769 94545 37533 47762 51073 334 85252 49905
553 13
85293 24031 41198 4588 94079 99737 17475 92964 68602 11263 86338 47859 14976
5895 18
85487 24176 39803 59011 11231 26288 48597 70738 46911 98518 10235 32811 9376 76260 41462 18396 23350 93298
9250 14
64333 91350 85035 44363 81473 22362 56990 26902 40283 47229 50572 401 36413 13243
8309 11
98974 57734 30968 42085 70486 38327 79288 32245 66856 46184 87002
4160 11
82157 57938 55481 97538 45332 97979 49384 87595 2923 33134 52496
270 12
97247 97589 33876 75116 83779 89072 20521 68709 95657 99707 53802 73124
7755 11
54764 8084 55723 41405 33371 19806 60014 64581 8982 36466 10059
4030 11
79414 56908 82056 86330 77577 16822 79646 40679 29839 91076 75412
6537 10
47626 33790 17495 34347 49660 16189 31147 89357 93851 62561
6057 10
16604 23430 30803 82939 98002 72172 92341 63838 58911 67348
2743 12
26435 5732 5936 89395 36887 8141 21263 57184 31334 23235 27303 61905
6931 18
41818 57961 90877 87390 4312 27447 68001 67252 48385 93251 85003 42516 18835 60052 65683 93763 73187 23377
1900 18
2202 63098 78736 84127 92978 79683 95164 85919 39581 74098 44343 71537 23406 16673 50534 37072 5857 8321
5640 12
9164 61560 72413 22465 99638 23579 466 32527 63281 32475 20267 60344
3162 17
45853 37771 57718 15787 26920 7200 44136 38786 94050 36009 56030 48889 90027 92112 40323 50177 46635
8410 14
7464 36434 8778 14333 41204 43529 59705 9937 19851 57785 8529 20924 14717 97218
1778 14
8363 18335 44766 98875 51003 37771 18685 68698 57572 51298 7926 71627 14180 97633
6291 14
40227 31284 39249 83867 8733 76614 11669 43146 41526 86420 25589 61369 74083 52924
3199 13
31616 50556 39943 55105 30461 52228 88395 11593 2875 68187 34905 98845 47618
2960 16
34976 12111 55584 43250 87793 81236 86783 45342 36144 50442 51282 57689 45574 73536 63754 93223
2816 15
10524 22929 45160 73720 28229 14992 98923 81484 55708 1099 43990 89434 48063 89651 38634
3740 19
81339 77835 63558 58495 96736 46351 16097 27039 89604 66815 58097 54151 40681 68795 37086 28429 70126 74579 70845
6179 15
28605 30428 21339 9572 86007 3457 45439 23087 24006 40613 42006 52398 63008 70967 9863
8563 15
75952 57728 35700 49851 94874 55323 52295 43239 67599 94453 34045 63806 48599 75383 74839
620 17
33339 31142 90128 75530 86290 69387 52399 53525 11351 51771 30153 76139 63067 10717 27378 51858 17004
6752 10
79282 79713 10413 4730 75042 9358 30365 2912 39855 1898
436 18
41981 63990 73634 30423 15140 94503 96497 6930 20540 86715 11589 80284 65951 48725 58907 78386 57743 6619
3987 14
74591 1696 78045 9082 95453 67400 22648 83090 10272 86824 75163 84063 43217 70107
4696 11
12829 54663 77041 34933 88240 99763 83870 22119 71248 13021 51178
4273 12
67891 50238 19273 75342 13573 9899 7493 42295 67823 55802 25865 73157
3997 15
17696 58924 95705 19091 61833 51323 59100 91338 77846 52007 96706 5721 80548 6561 27923
840 17
7307 56240 32726 4366 40919 93694 31436 80058 27925 49731 15538 13123 80803 12625 24554 11608 36179
6992 13
36392 11808 41507 76198 18627 78207 57291 19916 93173 65452 19422 22059 38949
4830 18
90407 2082 65869 44469 43359 19407 52179 90737 12587 50014 47652 57205 38252 297 16188 9797 60012 31810
4676 13
11921 50741 19836 52453 48092 44846 90023 32880 59718 12589 58308 52489 51827
6529 11
89299 76650 30945 40731 82118 18104 58745 18120 99057 86200 77669
 